<?xml version="1.0" encoding="UTF-8"?>
<testng-results ignored="0" total="1" passed="1" failed="0" skipped="0">
  <reporter-output>
  </reporter-output>
  <suite started-at="2023-11-22T14:02:08 PKT" name="Default suite" finished-at="2023-11-22T14:02:29 PKT" duration-ms="20476">
    <groups>
    </groups>
    <test started-at="2023-11-22T14:02:08 PKT" name="Default test" finished-at="2023-11-22T14:02:29 PKT" duration-ms="20476">
      <class name="Playwright_series.handle_react_elements">
        <test-method signature="handle_react_locator()[pri:0, instance:Playwright_series.handle_react_elements@f9b5552]" started-at="2023-11-22T14:02:08 PKT" name="handle_react_locator" finished-at="2023-11-22T14:02:28 PKT" duration-ms="19519" status="PASS">
          <reporter-output>
          </reporter-output>
        </test-method> <!-- handle_react_locator -->
      </class> <!-- Playwright_series.handle_react_elements -->
    </test> <!-- Default test -->
  </suite> <!-- Default suite -->
</testng-results>
